<?xml version="1.0" encoding="UTF-8"?>
<testsuite xmlns:xsi="http://www.w3.org/2001/XMLSchema-instance" xsi:noNamespaceSchemaLocation="https://maven.apache.org/surefire/maven-surefire-plugin/xsd/surefire-test-report-3.0.xsd" version="3.0" name="tn.esprit.spring.kaddem.KaddemApplicationTest" time="12.888" tests="1" errors="0" skipped="0" failures="0">
  <properties>
[...]
</properties>
  <testcase name="contextLoads" classname="tn.esprit.spring.kaddem.KaddemApplicationTest" time="0.525">
    <system-out><![CDATA[01:34:40.133 [main] INFO org.springframework.test.context.support.AnnotationConfigContextLoaderUtils -- Could not detect default configuration classes for test class [tn.esprit.spring.kaddem.KaddemApplicationTest]: KaddemApplicationTest does not declare any static, non-private, non-final, nested classes annotated with @Configuration.
01:34:40.330 [main] INFO org.springframework.boot.test.context.SpringBootTestContextBootstrapper -- Found @SpringBootConfiguration tn.esprit.spring.kaddem.KaddemApplication for test class tn.esprit.spring.kaddem.KaddemApplicationTest

  .   ____          _            __ _ _
 /\\ / ___'_ __ _ _(_)_ __  __ _ \ \ \ \
( ( )\___ | '_ | '_| | '_ \/ _` | \ \ \ \
 \\/  ___)| |_)| | | | | || (_| |  ) ) ) )
  '  |____| .__|_| |_|_| |_\__, | / / / /
 =========|_|==============|___/=/_/_/_/
 :: Spring Boot ::                (v3.1.3)

2024-11-14T01:34:41.033+01:00  INFO 19636 --- [           main] t.e.spring.kaddem.KaddemApplicationTest  : Starting KaddemApplicationTest using Java 17.0.1 with PID 19636 (started by Imén in D:\Nouveau dossier (4)\kaddem)
2024-11-14T01:34:41.037+01:00  INFO 19636 --- [           main] t.e.spring.kaddem.KaddemApplicationTest  : No active profile set, falling back to 1 default profile: "default"
2024-11-14T01:34:42.551+01:00  INFO 19636 --- [           main] .s.d.r.c.RepositoryConfigurationDelegate : Bootstrapping Spring Data JPA repositories in DEFAULT mode.
2024-11-14T01:34:42.636+01:00  INFO 19636 --- [           main] .s.d.r.c.RepositoryConfigurationDelegate : Finished Spring Data repository scanning in 73 ms. Found 5 JPA repository interfaces.
2024-11-14T01:34:43.359+01:00  INFO 19636 --- [           main] o.hibernate.jpa.internal.util.LogHelper  : HHH000204: Processing PersistenceUnitInfo [name: default]
2024-11-14T01:34:43.503+01:00  INFO 19636 --- [           main] org.hibernate.Version                    : HHH000412: Hibernate ORM core version 6.2.7.Final
2024-11-14T01:34:43.508+01:00  INFO 19636 --- [           main] org.hibernate.cfg.Environment            : HHH000406: Using bytecode reflection optimizer
2024-11-14T01:34:43.833+01:00  INFO 19636 --- [           main] o.h.b.i.BytecodeProviderInitiator        : HHH000021: Bytecode provider name : bytebuddy
2024-11-14T01:34:44.116+01:00  INFO 19636 --- [           main] o.s.o.j.p.SpringPersistenceUnitInfo      : No LoadTimeWeaver setup: ignoring JPA class transformer
2024-11-14T01:34:44.150+01:00  INFO 19636 --- [           main] com.zaxxer.hikari.HikariDataSource       : HikariPool-1 - Starting...
2024-11-14T01:34:44.460+01:00  INFO 19636 --- [           main] com.zaxxer.hikari.pool.HikariPool        : HikariPool-1 - Added connection com.mysql.cj.jdbc.ConnectionImpl@75cc775c
2024-11-14T01:34:44.463+01:00  INFO 19636 --- [           main] com.zaxxer.hikari.HikariDataSource       : HikariPool-1 - Start completed.
2024-11-14T01:34:44.608+01:00  WARN 19636 --- [           main] org.hibernate.dialect.Dialect            : HHH000511: The 5.5.0 version for [org.hibernate.dialect.MySQLDialect] is no longer supported, hence certain features may not work properly. The minimum supported version is 5.7.0. Check the community dialects project for available legacy versions.
2024-11-14T01:34:48.194+01:00  INFO 19636 --- [           main] o.h.b.i.BytecodeProviderInitiator        : HHH000021: Bytecode provider name : bytebuddy
2024-11-14T01:34:49.270+01:00  INFO 19636 --- [           main] o.h.e.t.j.p.i.JtaPlatformInitiator       : HHH000490: Using JtaPlatform implementation: [org.hibernate.engine.transaction.jta.platform.internal.NoJtaPlatform]
Hibernate: alter table contrat modify column specialite  enum ('CLOUD','IA','RESEAUX','SECURITE')
Hibernate: alter table equipe modify column niveau  enum ('EXPERT','JUNIOR','SENIOR')
Hibernate: alter table etudiant modify column op  enum ('GAMIX','NIDS','SE','SIM')
2024-11-14T01:34:49.436+01:00  INFO 19636 --- [           main] j.LocalContainerEntityManagerFactoryBean : Initialized JPA EntityManagerFactory for persistence unit 'default'
2024-11-14T01:34:49.771+01:00  INFO 19636 --- [           main] o.s.d.j.r.query.QueryEnhancerFactory     : Hibernate is in classpath; If applicable, HQL parser will be used.
2024-11-14T01:34:50.824+01:00  WARN 19636 --- [           main] JpaBaseConfiguration$JpaWebConfiguration : spring.jpa.open-in-view is enabled by default. Therefore, database queries may be performed during view rendering. Explicitly configure spring.jpa.open-in-view to disable this warning
2024-11-14T01:34:51.976+01:00  INFO 19636 --- [           main] o.s.b.a.e.web.EndpointLinksResolver      : Exposing 1 endpoint(s) beneath base path '/actuator'
2024-11-14T01:34:52.063+01:00  INFO 19636 --- [           main] t.e.spring.kaddem.KaddemApplicationTest  : Started KaddemApplicationTest in 11.432 seconds (process running for 13.269)
]]></system-out>
  </testcase>
</testsuite>